#
# An unexpected error has been detected by Java Runtime Environment:
#
#  EXCEPTION_ACCESS_VIOLATION (0xc0000005) at pc=0x6d9d57ed, pid=2576, tid=5312
#
# Java VM: Java HotSpot(TM) Client VM (11.3-b02 mixed mode windows-x86)
# Problematic frame:
# V  [jvm.dll+0x1257ed]
#
# If you would like to submit a bug report, please visit:
#   http://java.sun.com/webapps/bugreport/crash.jsp
#

---------------  T H R E A D  ---------------

Current thread (0x02091c00):  JavaThread "JDWP Transport Listener: dt_socket" daemon [_thread_in_vm, id=5312, stack(0x0c5e0000,0x0c630000)]

siginfo: ExceptionCode=0xc0000005, reading address 0x00000000

Registers:
EAX=0x00000000, EBX=0x02091c00, ECX=0x0a649dc0, EDX=0x00000000
ESP=0x0c62f8c4, EBP=0x00000000, ESI=0x00000000, EDI=0x0205af8c
EIP=0x6d9d57ed, EFLAGS=0x00010246

Top of Stack: (sp=0x0c62f8c4)
0x0c62f8c4:   02091c00 00000000 0208d800 0c62f9d4
0x0c62f8d4:   0c62f9d4 0000014c 0205ac58 0205ac54
0x0c62f8e4:   0205adac 0205ac54 02091c00 0208f998
0x0c62f8f4:   0205ab98 0205ac54 0205af8c 0c62fc90
0x0c62f904:   6d9d5e8a 00000000 0205ac48 02091c00
0x0c62f914:   0c62f9d4 0c62faac 00000db6 0c62f9d4
0x0c62f924:   0205ac48 0c62f9d4 00000000 00000000
0x0c62f934:   00000003 0205aba4 0208d800 0208d800 

Instructions: (pc=0x6d9d57ed)
0x6d9d57dd:   30 8b 54 24 1c 89 44 24 44 8b 0a 8b 51 18 3b d5
0x6d9d57ed:   8b 00 75 08 8b 49 08 89 48 18 eb 03 89 50 18 8b 


Stack: [0x0c5e0000,0x0c630000],  sp=0x0c62f8c4,  free space=318k
Native frames: (J=compiled Java code, j=interpreted, Vv=VM code, C=native code)
V  [jvm.dll+0x1257ed]

[error occurred during error reporting (printing native stack), id 0xc0000005]


---------------  P R O C E S S  ---------------

Java Threads: ( => current thread )
  0x0d29bc00 JavaThread "http-8080-6" daemon [_thread_blocked, id=5800, stack(0x0f6a0000,0x0f6f0000)]
  0x0d29b800 JavaThread "http-8080-5" daemon [_thread_blocked, id=5456, stack(0x0f610000,0x0f660000)]
  0x0d29b400 JavaThread "http-8080-4" daemon [_thread_blocked, id=5848, stack(0x0f580000,0x0f5d0000)]
  0x0d29ac00 JavaThread "http-8080-3" daemon [_thread_blocked, id=108, stack(0x0f4f0000,0x0f540000)]
  0x0d29a800 JavaThread "http-8080-2" daemon [_thread_blocked, id=3420, stack(0x0f460000,0x0f4b0000)]
  0x0d5de800 JavaThread "http-8080-1" daemon [_thread_blocked, id=5104, stack(0x0f3d0000,0x0f420000)]
  0x0d5de400 JavaThread "TP-Monitor" daemon [_thread_blocked, id=4648, stack(0x0f340000,0x0f390000)]
  0x0d5ddc00 JavaThread "TP-Processor4" daemon [_thread_in_native, id=5108, stack(0x0f2b0000,0x0f300000)]
  0x0d5dd800 JavaThread "TP-Processor3" daemon [_thread_blocked, id=6072, stack(0x0f220000,0x0f270000)]
  0x0d5dd400 JavaThread "TP-Processor2" daemon [_thread_blocked, id=2912, stack(0x0f190000,0x0f1e0000)]
  0x0d5dcc00 JavaThread "TP-Processor1" daemon [_thread_blocked, id=4804, stack(0x0f100000,0x0f150000)]
  0x0d5dc800 JavaThread "http-8080-Acceptor-0" daemon [_thread_in_native, id=2548, stack(0x0f070000,0x0f0c0000)]
  0x0d5dbc00 JavaThread "ContainerBackgroundProcessor[StandardEngine[Catalina]]" daemon [_thread_blocked, id=5236, stack(0x0efe0000,0x0f030000)]
  0x0d5dc000 JavaThread "AWT-Windows" daemon [_thread_in_native, id=4888, stack(0x0ee30000,0x0ee80000)]
  0x0d5db400 JavaThread "Java2D Disposer" daemon [_thread_blocked, id=5188, stack(0x0ecd0000,0x0ed20000)]
  0x0cdcd000 JavaThread "GC Daemon" daemon [_thread_blocked, id=4948, stack(0x0d160000,0x0d1b0000)]
  0x020a5c00 JavaThread "Low Memory Detector" daemon [_thread_blocked, id=5672, stack(0x0ca40000,0x0ca90000)]
  0x020a0c00 JavaThread "CompilerThread0" daemon [_thread_blocked, id=5452, stack(0x0c9f0000,0x0ca40000)]
  0x02093c00 JavaThread "JDWP Command Reader" daemon [_thread_in_native, id=2404, stack(0x0c770000,0x0c7c0000)]
  0x02093400 JavaThread "JDWP Event Helper Thread" daemon [_thread_blocked, id=5644, stack(0x0c680000,0x0c6d0000)]
=>0x02091c00 JavaThread "JDWP Transport Listener: dt_socket" daemon [_thread_in_vm, id=5312, stack(0x0c5e0000,0x0c630000)]
  0x02054800 JavaThread "Attach Listener" daemon [_thread_blocked, id=5988, stack(0x0c430000,0x0c480000)]
  0x02053c00 JavaThread "Signal Dispatcher" daemon [_thread_blocked, id=5208, stack(0x0c3a0000,0x0c3f0000)]
  0x02042800 JavaThread "Finalizer" daemon [_thread_blocked, id=1372, stack(0x0c310000,0x0c360000)]
  0x0203dc00 JavaThread "Reference Handler" daemon [_thread_blocked, id=5972, stack(0x0c280000,0x0c2d0000)]
  0x01cc9c00 JavaThread "main" [_thread_in_native, id=1364, stack(0x01c50000,0x01ca0000)]

Other Threads:
  0x0203a800 VMThread [stack: 0x0c1f0000,0x0c240000] [id=5392]
  0x020a8c00 WatcherThread [stack: 0x0cad0000,0x0cb20000] [id=5288]

VM state:not at safepoint (normal execution)

VM Mutex/Monitor currently owned by a thread: None

Heap
 def new generation   total 4544K, used 0K [0x04130000, 0x04610000, 0x04610000)
  eden space 4096K,   0% used [0x04130000, 0x04130000, 0x04530000)
  from space 448K,   0% used [0x04530000, 0x04530000, 0x045a0000)
  to   space 448K,   0% used [0x045a0000, 0x045a0000, 0x04610000)
 tenured generation   total 60544K, used 32034K [0x04610000, 0x08130000, 0x08130000)
   the space 60544K,  52% used [0x04610000, 0x06558ab0, 0x06558c00, 0x08130000)
 compacting perm gen  total 65536K, used 65536K [0x08130000, 0x0c130000, 0x0c130000)
   the space 65536K, 100% used [0x08130000, 0x0c130000, 0x0c130000, 0x0c130000)
No shared spaces configured.

Dynamic libraries:
0x00400000 - 0x00424000 	C:\Users\Administrator\AppData\Local\Genuitec\Common\binary\com.sun.java.jdk.win32.x86_1.6.0.013\bin\javaw.exe
0x77010000 - 0x77190000 	C:\Windows\SysWOW64\ntdll.dll
0x75e40000 - 0x75f50000 	C:\Windows\syswow64\kernel32.dll
0x76580000 - 0x765c7000 	C:\Windows\syswow64\KERNELBASE.dll
0x75c80000 - 0x75d20000 	C:\Windows\syswow64\ADVAPI32.dll
0x74b80000 - 0x74c2c000 	C:\Windows\syswow64\msvcrt.dll
0x75c60000 - 0x75c79000 	C:\Windows\SysWOW64\sechost.dll
0x74a60000 - 0x74b50000 	C:\Windows\syswow64\RPCRT4.dll
0x746d0000 - 0x74730000 	C:\Windows\syswow64\SspiCli.dll
0x746c0000 - 0x746cc000 	C:\Windows\syswow64\CRYPTBASE.dll
0x75b60000 - 0x75c60000 	C:\Windows\syswow64\USER32.dll
0x76490000 - 0x76520000 	C:\Windows\syswow64\GDI32.dll
0x76fe0000 - 0x76fea000 	C:\Windows\syswow64\LPK.dll
0x749c0000 - 0x74a5d000 	C:\Windows\syswow64\USP10.dll
0x75b00000 - 0x75b60000 	C:\Windows\system32\IMM32.DLL
0x74730000 - 0x747fc000 	C:\Windows\syswow64\MSCTF.dll
0x7c340000 - 0x7c396000 	C:\Users\Administrator\AppData\Local\Genuitec\Common\binary\com.sun.java.jdk.win32.x86_1.6.0.013\jre\bin\msvcr71.dll
0x6d8b0000 - 0x6db06000 	C:\Users\Administrator\AppData\Local\Genuitec\Common\binary\com.sun.java.jdk.win32.x86_1.6.0.013\jre\bin\client\jvm.dll
0x74040000 - 0x74072000 	C:\Windows\system32\WINMM.dll
0x73890000 - 0x738dc000 	C:\Windows\system32\apphelp.dll
0x6d340000 - 0x6d348000 	C:\Users\Administrator\AppData\Local\Genuitec\Common\binary\com.sun.java.jdk.win32.x86_1.6.0.013\jre\bin\hpi.dll
0x74ea0000 - 0x74ea5000 	C:\Windows\syswow64\PSAPI.DLL
0x6d430000 - 0x6d459000 	C:\Users\Administrator\AppData\Local\Genuitec\Common\binary\com.sun.java.jdk.win32.x86_1.6.0.013\jre\bin\jdwp.dll
0x6d750000 - 0x6d756000 	C:\Users\Administrator\AppData\Local\Genuitec\Common\binary\com.sun.java.jdk.win32.x86_1.6.0.013\jre\bin\npt.dll
0x6d860000 - 0x6d86c000 	C:\Users\Administrator\AppData\Local\Genuitec\Common\binary\com.sun.java.jdk.win32.x86_1.6.0.013\jre\bin\verify.dll
0x6d3e0000 - 0x6d3ff000 	C:\Users\Administrator\AppData\Local\Genuitec\Common\binary\com.sun.java.jdk.win32.x86_1.6.0.013\jre\bin\java.dll
0x6d8a0000 - 0x6d8af000 	C:\Users\Administrator\AppData\Local\Genuitec\Common\binary\com.sun.java.jdk.win32.x86_1.6.0.013\jre\bin\zip.dll
0x6d2b0000 - 0x6d2b7000 	C:\Users\Administrator\AppData\Local\Genuitec\Common\binary\com.sun.java.jdk.win32.x86_1.6.0.013\jre\bin\dt_socket.dll
0x74e60000 - 0x74e95000 	C:\Windows\syswow64\WS2_32.dll
0x74cb0000 - 0x74cb6000 	C:\Windows\syswow64\NSI.dll
0x73080000 - 0x73090000 	C:\Windows\system32\NLAapi.dll
0x72f60000 - 0x72f70000 	C:\Windows\system32\napinsp.dll
0x72f40000 - 0x72f52000 	C:\Windows\system32\pnrpnsp.dll
0x73e20000 - 0x73e5c000 	C:\Windows\System32\mswsock.dll
0x73da0000 - 0x73de4000 	C:\Windows\system32\DNSAPI.dll
0x72f30000 - 0x72f38000 	C:\Windows\System32\winrnr.dll
0x72f20000 - 0x72f2d000 	C:\Windows\system32\wshbth.dll
0x745e0000 - 0x745fc000 	C:\Windows\system32\IPHLPAPI.DLL
0x745d0000 - 0x745d7000 	C:\Windows\system32\WINNSI.DLL
0x73d40000 - 0x73d78000 	C:\Windows\System32\fwpuclnt.dll
0x73d80000 - 0x73d86000 	C:\Windows\system32\rasadhlp.dll
0x73e00000 - 0x73e05000 	C:\Windows\System32\wshtcpip.dll
0x6d610000 - 0x6d619000 	C:\Users\Administrator\AppData\Local\Genuitec\Common\binary\com.sun.java.jdk.win32.x86_1.6.0.013\jre\bin\management.dll
0x6d840000 - 0x6d848000 	C:\Users\Administrator\AppData\Local\Genuitec\Common\binary\com.sun.java.jdk.win32.x86_1.6.0.013\jre\bin\sunmscapi.dll
0x762e0000 - 0x76400000 	C:\Windows\syswow64\CRYPT32.dll
0x76520000 - 0x7652c000 	C:\Windows\syswow64\MSASN1.dll
0x6d6c0000 - 0x6d6d3000 	C:\Users\Administrator\AppData\Local\Genuitec\Common\binary\com.sun.java.jdk.win32.x86_1.6.0.013\jre\bin\net.dll
0x73df0000 - 0x73df6000 	C:\Windows\System32\wship6.dll
0x73fd0000 - 0x73fe6000 	C:\Windows\system32\CRYPTSP.dll
0x73f90000 - 0x73fcb000 	C:\Windows\system32\rsaenh.dll
0x74020000 - 0x74037000 	C:\Windows\system32\USERENV.dll
0x74010000 - 0x7401b000 	C:\Windows\system32\profapi.dll
0x6d6e0000 - 0x6d6e9000 	C:\Users\Administrator\AppData\Local\Genuitec\Common\binary\com.sun.java.jdk.win32.x86_1.6.0.013\jre\bin\nio.dll
0x6d0b0000 - 0x6d1fa000 	C:\Users\Administrator\AppData\Local\Genuitec\Common\binary\com.sun.java.jdk.win32.x86_1.6.0.013\jre\bin\awt.dll
0x70550000 - 0x705a1000 	C:\Windows\system32\WINSPOOL.DRV
0x765d0000 - 0x7672c000 	C:\Windows\syswow64\ole32.dll
0x74430000 - 0x745ce000 	C:\Windows\WinSxS\x86_microsoft.windows.common-controls_6595b64144ccf1df_6.0.7601.17514_none_41e6975e2bd6f2b2\comctl32.dll
0x760c0000 - 0x76117000 	C:\Windows\syswow64\SHLWAPI.dll
0x72620000 - 0x72633000 	C:\Windows\system32\DWMAPI.DLL
0x70f60000 - 0x70fe0000 	C:\Windows\system32\uxtheme.dll
0x74eb0000 - 0x75afa000 	C:\Windows\syswow64\shell32.dll
0x62610000 - 0x6269a000 	C:\Users\Administrator\AppData\Roaming\TaobaoProtect\TaobaoProtectSE.dll
0x75db0000 - 0x75e3f000 	C:\Windows\syswow64\OLEAUT32.dll
0x74290000 - 0x74299000 	C:\Windows\system32\VERSION.dll
0x6d2e0000 - 0x6d334000 	C:\Users\Administrator\AppData\Local\Genuitec\Common\binary\com.sun.java.jdk.win32.x86_1.6.0.013\jre\bin\fontmanager.dll
0x63fb0000 - 0x64173000 	C:\Windows\system32\d3d9.dll
0x72d10000 - 0x72d16000 	C:\Windows\system32\d3d8thk.dll
0x70180000 - 0x70208000 	C:\Windows\system32\aticfx32.dll
0x72cb0000 - 0x72cba000 	C:\Windows\system32\atiu9pag.dll
0x61b10000 - 0x61efa000 	C:\Windows\system32\atiumdag.dll
0x630c0000 - 0x63424000 	C:\Windows\system32\atiumdva.dll
0x6d250000 - 0x6d273000 	C:\Users\Administrator\AppData\Local\Genuitec\Common\binary\com.sun.java.jdk.win32.x86_1.6.0.013\jre\bin\dcpr.dll

VM Arguments:
jvm_args: -agentlib:jdwp=transport=dt_socket,suspend=y,address=localhost:50362 -Dcatalina.home=D:\TOMCAT\apache-tomcat-6.0.34last -Dcatalina.base=D:\TOMCAT\apache-tomcat-6.0.34last -Djava.endorsed.dirs=D:\TOMCAT\apache-tomcat-6.0.34last/common/endorsed -Djava.io.tmpdir=D:\TOMCAT\apache-tomcat-6.0.34last\temp -Djava.library.path=C:\Users\Administrator\AppData\Local\Genuitec\Common\binary\com.sun.java.jdk.win32.x86_1.6.0.013\bin;D:\TOMCAT\apache-tomcat-6.0.34last\bin -Dsun.io.useCanonCaches=false 
java_command: org.apache.catalina.startup.Bootstrap start
Launcher Type: SUN_STANDARD

Environment Variables:
JAVA_HOME=C:\Program Files\Java\jdk1.6.0_43
CLASSPATH=.;C:\Program Files\Java\jdk1.6.0_43\lib;C:\Program Files\Java\jdk1.6.0_43\lib\tools.jar
PATH=C:\Users\Administrator\AppData\Local\Genuitec\Common\binary\com.sun.java.jdk.win32.x86_1.6.0.013\jre\bin;C:/Users/Administrator/AppData/Local/Genuitec/Common/binary/com.sun.java.jdk.win32.x86_1.6.0.013/jre/bin/client;C:/Users/Administrator/AppData/Local/Genuitec/Common/binary/com.sun.java.jdk.win32.x86_1.6.0.013/jre/bin;C:\Program Files (x86)\Common Files\NetSarang;C:\Program Files\Java\jdk1.6.0_43\bin;C:\Program Files\Java\jdk1.6.0_43\jre\bin;C:\Windows\system32;C:\Windows;C:\Windows\System32\Wbem;C:\Windows\System32\WindowsPowerShell\v1.0\;C:\Program Files\TortoiseSVN\bin
USERNAME=Administrator
OS=Windows_NT
PROCESSOR_IDENTIFIER=AMD64 Family 16 Model 6 Stepping 2, AuthenticAMD



---------------  S Y S T E M  ---------------

OS: Windows NT 6.1 Build 7601 Service Pack 1

CPU:total 2 (2 cores per cpu, 1 threads per core) family 16 model 6 stepping 2, cmov, cx8, fxsr, mmx, sse, sse2, sse3, mmxext, 3dnow, 3dnowext, sse4a

Memory: 4k page, physical 4193592k(1522660k free), swap 4194303k(4194303k free)

vm_info: Java HotSpot(TM) Client VM (11.3-b02) for windows-x86 JRE (1.6.0_13-b03), built on Mar  9 2009 01:15:24 by "java_re" with MS VC++ 7.1

time: Mon Sep 22 10:22:47 2014
elapsed time: 2166 seconds

