Java heap space
java.lang.OutOfMemoryError: Java heap space
	at java.util.HashMap.addEntry(HashMap.java:753)
	at java.util.HashMap.put(HashMap.java:385)
	at org.apache.xmlbeans.impl.schema.SchemaTypeSystemImpl$XsbReader.readQNameRefMap(SchemaTypeSystemImpl.java:2111)
	at org.apache.xmlbeans.impl.schema.SchemaTypeSystemImpl.initFromHeader(SchemaTypeSystemImpl.java:294)
	at org.apache.xmlbeans.impl.schema.SchemaTypeSystemImpl.<init>(SchemaTypeSystemImpl.java:185)
	at sun.reflect.NativeConstructorAccessorImpl.newInstance0(Native Method)
	at sun.reflect.NativeConstructorAccessorImpl.newInstance(NativeConstructorAccessorImpl.java:39)
	at sun.reflect.DelegatingConstructorAccessorImpl.newInstance(DelegatingConstructorAccessorImpl.java:27)
	at java.lang.reflect.Constructor.newInstance(Constructor.java:513)
	at schemaorg_apache_xmlbeans.system.sE130CAA0A01A7CDE5A2B4FEB8B311707.TypeSystemHolder.loadTypeSystem(Unknown Source)
	at schemaorg_apache_xmlbeans.system.sE130CAA0A01A7CDE5A2B4FEB8B311707.TypeSystemHolder.<clinit>(Unknown Source)
	at sun.misc.Unsafe.ensureClassInitialized(Native Method)
	at sun.reflect.UnsafeFieldAccessorFactory.newFieldAccessor(UnsafeFieldAccessorFactory.java:25)
	at sun.reflect.ReflectionFactory.newFieldAccessor(ReflectionFactory.java:122)
	at java.lang.reflect.Field.acquireFieldAccessor(Field.java:918)
	at java.lang.reflect.Field.getFieldAccessor(Field.java:899)
	at java.lang.reflect.Field.get(Field.java:358)
	at org.apache.xmlbeans.XmlBeans.typeSystemForClassLoader(XmlBeans.java:770)
	at org.openxmlformats.schemas.drawingml.x2006.main.ThemeDocument.<clinit>(Unknown Source)
	at org.openxmlformats.schemas.drawingml.x2006.main.ThemeDocument$Factory.parse(Unknown Source)
	at org.apache.poi.xssf.model.ThemesTable.<init>(ThemesTable.java:44)
	at sun.reflect.NativeConstructorAccessorImpl.newInstance0(Native Method)
	at sun.reflect.NativeConstructorAccessorImpl.newInstance(NativeConstructorAccessorImpl.java:39)
	at sun.reflect.DelegatingConstructorAccessorImpl.newInstance(DelegatingConstructorAccessorImpl.java:27)
	at java.lang.reflect.Constructor.newInstance(Constructor.java:513)
	at org.apache.poi.xssf.usermodel.XSSFFactory.createDocumentPart(XSSFFactory.java:60)
	at org.apache.poi.POIXMLDocumentPart.read(POIXMLDocumentPart.java:403)
	at org.apache.poi.POIXMLDocument.load(POIXMLDocument.java:155)
	at org.apache.poi.xssf.usermodel.XSSFWorkbook.<init>(XSSFWorkbook.java:190)
	at com.innshine.shopAnalyse.export.PlatePriceExportUtils.platePriceExcelExport(PlatePriceExportUtils.java:178)
	at com.innshine.shopAnalyse.controler.ShopProductionAnalyseController.list(ShopProductionAnalyseController.java:147)
	at sun.reflect.NativeMethodAccessorImpl.invoke0(Native Method)
